<?xml version="1.0" encoding="UTF-8"?>
<!-- Generated by org.testng.reporters.JUnitReportReporter -->
<testsuite hostname="Sujan-M-V" failures="0" tests="5" name="testCase.TC003_login_DDT_Test" time="33.952" errors="0" timestamp="2026-06-05T21:04:21 IST" skipped="0">
  <testcase classname="testCase.TC003_login_DDT_Test" name="verify_loginDDT" time="12.258"/>
  <testcase classname="testCase.TC003_login_DDT_Test" name="verify_loginDDT" time="4.109"/>
  <testcase classname="testCase.TC003_login_DDT_Test" name="verify_loginDDT" time="2.493"/>
  <testcase classname="testCase.TC003_login_DDT_Test" name="verify_loginDDT" time="12.293"/>
  <testcase classname="testCase.TC003_login_DDT_Test" name="verify_loginDDT" time="2.799"/>
</testsuite> <!-- testCase.TC003_login_DDT_Test -->
